<?xml version="1.0" encoding="UTF-8"?>
<testsuites>
  <testsuite name="OwpFramework" tests="27" assertions="26" failures="0" errors="1" time="127.549919">
    <testsuite name="GetConfigItem_test" file="/home/btafoya/www/owp-framework/tests/OwpConfig_test.php" tests="1" assertions="1" failures="0" errors="0" time="0.002529">
      <testcase name="testGetConfigItem" class="GetConfigItem_test" file="/home/btafoya/www/owp-framework/tests/OwpConfig_test.php" line="32" assertions="1" time="0.002529"/>
    </testsuite>
    <testsuite name="OwpMessaging_test" file="/home/btafoya/www/owp-framework/tests/OwpMessaging_test.php" tests="1" assertions="0" failures="0" errors="1" time="127.249212">
      <testcase name="testSendEmailViaSMTP" class="OwpMessaging_test" file="/home/btafoya/www/owp-framework/tests/OwpMessaging_test.php" line="48" assertions="0" time="127.249212">
        <error type="Exception">OwpMessaging_test::testSendEmailViaSMTP
Exception: OwpMessaging-&gt;sendEmailViaSMTP(): Caught Exception: SMTP connect() failed. https://github.com/PHPMailer/PHPMailer/wiki/Troubleshooting

/home/btafoya/www/owp-framework/src/OwpMessaging.inc.php:105
/home/btafoya/www/owp-framework/tests/OwpMessaging_test.php:69
</error>
      </testcase>
    </testsuite>
    <testsuite name="OwpException_test" file="/home/btafoya/www/owp-framework/tests/OwpException_test.php" tests="1" assertions="1" failures="0" errors="0" time="0.000679">
      <testcase name="testException" class="OwpException_test" file="/home/btafoya/www/owp-framework/tests/OwpException_test.php" line="35" assertions="1" time="0.000679"/>
    </testsuite>
    <testsuite name="OwpUsers_test" file="/home/btafoya/www/owp-framework/tests/OwpUsers_test.php" tests="17" assertions="17" failures="0" errors="0" time="0.277170">
      <testcase name="testAddUserFromInValidData" class="OwpUsers_test" file="/home/btafoya/www/owp-framework/tests/OwpUsers_test.php" line="119" assertions="1" time="0.004038"/>
      <testcase name="testAddUserFromValidData" class="OwpUsers_test" file="/home/btafoya/www/owp-framework/tests/OwpUsers_test.php" line="129" assertions="1" time="0.136218"/>
      <testcase name="testValidateUserPassword" class="OwpUsers_test" file="/home/btafoya/www/owp-framework/tests/OwpUsers_test.php" line="143" assertions="1" time="0.024524"/>
      <testcase name="testCheckUserValidated" class="OwpUsers_test" file="/home/btafoya/www/owp-framework/tests/OwpUsers_test.php" line="158" assertions="1" time="0.003165"/>
      <testcase name="testUpdateUserValidated" class="OwpUsers_test" file="/home/btafoya/www/owp-framework/tests/OwpUsers_test.php" line="174" assertions="1" time="0.004467"/>
      <testcase name="testUserLoginViaUserID" class="OwpUsers_test" file="/home/btafoya/www/owp-framework/tests/OwpUsers_test.php" line="200" assertions="1" time="0.007357"/>
      <testcase name="testLogOut" class="OwpUsers_test" file="/home/btafoya/www/owp-framework/tests/OwpUsers_test.php" line="222" assertions="1" time="0.000614"/>
      <testcase name="testUserLogin" class="OwpUsers_test" file="/home/btafoya/www/owp-framework/tests/OwpUsers_test.php" line="234" assertions="1" time="0.024705"/>
      <testcase name="testIsLoggedIn" class="OwpUsers_test" file="/home/btafoya/www/owp-framework/tests/OwpUsers_test.php" line="244" assertions="1" time="0.000526"/>
      <testcase name="testUpdatePassword" class="OwpUsers_test" file="/home/btafoya/www/owp-framework/tests/OwpUsers_test.php" line="255" assertions="1" time="0.041709"/>
      <testcase name="testSetLostPassUUID" class="OwpUsers_test" file="/home/btafoya/www/owp-framework/tests/OwpUsers_test.php" line="270" assertions="1" time="0.005500"/>
      <testcase name="testGetUserIDViaLostPassUUID" class="OwpUsers_test" file="/home/btafoya/www/owp-framework/tests/OwpUsers_test.php" line="284" assertions="1" time="0.000985"/>
      <testcase name="testClearLostPassUUID" class="OwpUsers_test" file="/home/btafoya/www/owp-framework/tests/OwpUsers_test.php" line="295" assertions="1" time="0.006751"/>
      <testcase name="testUpdateUser" class="OwpUsers_test" file="/home/btafoya/www/owp-framework/tests/OwpUsers_test.php" line="309" assertions="1" time="0.007023"/>
      <testcase name="testUserExistsViaEmail" class="OwpUsers_test" file="/home/btafoya/www/owp-framework/tests/OwpUsers_test.php" line="331" assertions="1" time="0.001051"/>
      <testcase name="testUpdateLoginCount" class="OwpUsers_test" file="/home/btafoya/www/owp-framework/tests/OwpUsers_test.php" line="340" assertions="1" time="0.004018"/>
      <testcase name="testDeleteUser" class="OwpUsers_test" file="/home/btafoya/www/owp-framework/tests/OwpUsers_test.php" line="352" assertions="1" time="0.004519"/>
    </testsuite>
    <testsuite name="OwpSettings_test" file="/home/btafoya/www/owp-framework/tests/OwpSettings_test.php" tests="2" assertions="2" failures="0" errors="0" time="0.010214">
      <testcase name="testSetGet" class="OwpSettings_test" file="/home/btafoya/www/owp-framework/tests/OwpSettings_test.php" line="44" assertions="1" time="0.005604"/>
      <testcase name="testDeleteGet" class="OwpSettings_test" file="/home/btafoya/www/owp-framework/tests/OwpSettings_test.php" line="61" assertions="1" time="0.004610"/>
    </testsuite>
    <testsuite name="OwpCms_test" file="/home/btafoya/www/owp-framework/tests/OwpCms_test.php" tests="3" assertions="3" failures="0" errors="0" time="0.008692">
      <testcase name="testSetGet" class="OwpCms_test" file="/home/btafoya/www/owp-framework/tests/OwpCms_test.php" line="32" assertions="1" time="0.003226"/>
      <testcase name="testDeleteGet" class="OwpCms_test" file="/home/btafoya/www/owp-framework/tests/OwpCms_test.php" line="49" assertions="1" time="0.002556"/>
      <testcase name="testMacroReplace" class="OwpCms_test" file="/home/btafoya/www/owp-framework/tests/OwpCms_test.php" line="62" assertions="1" time="0.002910"/>
    </testsuite>
    <testsuite name="OwpPasswordValidator_test" file="/home/btafoya/www/owp-framework/tests/OwpPasswordValidator_test.php" tests="2" assertions="2" failures="0" errors="0" time="0.001423">
      <testcase name="testValidatePass" class="OwpPasswordValidator_test" file="/home/btafoya/www/owp-framework/tests/OwpPasswordValidator_test.php" line="32" assertions="1" time="0.000935"/>
      <testcase name="testValidatePass2" class="OwpPasswordValidator_test" file="/home/btafoya/www/owp-framework/tests/OwpPasswordValidator_test.php" line="58" assertions="1" time="0.000488"/>
    </testsuite>
  </testsuite>
</testsuites>
